La génération a démarré 05/10/2014 16:19:04.
     1>Projet "C:\Users\law\Desktop\Cours\MASTER 1 INFO\C++\TPC++\Cpp\StarWarsDefense\StarWarsDefense\StarWarsDefense.vcxproj" sur le nœud 2 (Build cible(s)).
     1>ClCompile:
         C:\Program Files (x86)\Microsoft Visual Studio 12.0\VC\bin\CL.exe /c /ZI /nologo /W3 /WX- /sdl /Od /Oy- /D WIN32 /D _DEBUG /D _CONSOLE /D _LIB /D _UNICODE /D UNICODE /Gm /EHsc /RTC1 /MDd /GS /fp:precise /Zc:wchar_t /Zc:forScope /Fo"Debug\\" /Fd"Debug\vc120.pdb" /Gd /TP /analyze- /errorReport:prompt Deathstar.cpp Fourmis.cpp main.cpp MyControlEngine.cpp MyGameEngine.cpp MyGraphicEngine.cpp Papillon.cpp Spaceship.cpp Square.cpp Starfighter.cpp Utility.cpp Xwing.cpp
         Xwing.cpp
     1>c:\users\law\desktop\cours\master 1 info\c++\tpc++\cpp\starwarsdefense\starwarsdefense\xwing.h(3): fatal error C1083: Impossible d'ouvrir le fichier include : 'GraphicPrimitives.h' : No such file or directory
         Utility.cpp
         Starfighter.cpp
         Square.cpp
     1>c:\users\law\desktop\cours\master 1 info\c++\tpc++\cpp\starwarsdefense\starwarsdefense\square.h(2): fatal error C1083: Impossible d'ouvrir le fichier include : 'GraphicPrimitives.h' : No such file or directory
         Spaceship.cpp
         Papillon.cpp
     1>c:\users\law\desktop\cours\master 1 info\c++\tpc++\cpp\starwarsdefense\starwarsdefense\papillon.h(2): fatal error C1083: Impossible d'ouvrir le fichier include : 'GraphicPrimitives.h' : No such file or directory
         MyGraphicEngine.cpp
     1>c:\users\law\desktop\cours\master 1 info\c++\tpc++\cpp\starwarsdefense\starwarsdefense\mygraphicengine.h(2): fatal error C1083: Impossible d'ouvrir le fichier include : 'Engine.h' : No such file or directory
         MyGameEngine.cpp
     1>c:\users\law\desktop\cours\master 1 info\c++\tpc++\cpp\starwarsdefense\starwarsdefense\mygameengine.h(3): fatal error C1083: Impossible d'ouvrir le fichier include : 'Engine.h' : No such file or directory
         MyControlEngine.cpp
     1>c:\users\law\desktop\cours\master 1 info\c++\tpc++\cpp\starwarsdefense\starwarsdefense\mycontrolengine.h(2): fatal error C1083: Impossible d'ouvrir le fichier include : 'Engine.h' : No such file or directory
         main.cpp
     1>c:\users\law\desktop\cours\master 1 info\c++\tpc++\cpp\starwarsdefense\starwarsdefense\main.cpp(4): fatal error C1083: Impossible d'ouvrir le fichier include : 'Engine.h' : No such file or directory
         Fourmis.cpp
     1>c:\users\law\desktop\cours\master 1 info\c++\tpc++\cpp\starwarsdefense\starwarsdefense\fourmis.h(2): fatal error C1083: Impossible d'ouvrir le fichier include : 'GraphicPrimitives.h' : No such file or directory
         Deathstar.cpp
         Génération de code en cours...
     1>Génération du projet "C:\Users\law\Desktop\Cours\MASTER 1 INFO\C++\TPC++\Cpp\StarWarsDefense\StarWarsDefense\StarWarsDefense.vcxproj" terminée (Build cible(s)) -- ÉCHEC.

ÉCHEC de la build.

Temps écoulé 00:00:03.42
